11:55:05.101 Xcode[2091:52298] Beginning test session BandDiscovererTests-875B4F6F-FE14-4436-BFC6-075E528905F0 at 2017-11-13 11:55:05.100 with Xcode 9B37 on target <DVTiOSDevice: 0x7fa4c70a9960> {
		deviceSerialNumber:         FK1SHCG9HG7P
		identifier:                 4fcb318dbe549a16876273089e6e5a1f2ca8f723
		deviceClass:                iPhone
		deviceName:                 iPhone 7 van Koen
		deviceIdentifier:           4fcb318dbe549a16876273089e6e5a1f2ca8f723
		productVersion:             11.1
		buildVersion:               15B5066f
		deviceSoftwareVersion:      11.1 (15B5066f)
		deviceArchitecture:         arm64
		deviceTotalCapacity:        124499652608
		deviceAvailableCapacity:    61258035200
		deviceIsTransient:          NO
		ignored:                    NO
		deviceIsBusy:               NO
		deviceIsActivated:          YES
		deviceActivationState:      Activated
		isPasscodeLocked:           NO
		deviceType:                 <DVTDeviceType:0x7fa4c0da09d0 Xcode.DeviceType.iPhone>
		supportedDeviceFamilies:    (
    1
)
		applications:              {(
    <DTDKApplication: 0x7fa4b3089b20>: Voicemail (/private/var/containers/Bundle/Application/A5565038-83D9-4D8B-BB78-64E5D9085F5B/fonyoukpn-pro copy.app),
    <DTDKApplication: 0x7fa4b3670230>: LinkedIn (/private/var/containers/Bundle/Application/A8254871-55B3-4C84-A7C5-39A51564364A/LinkedIn.app),
    <DTDKApplication: 0x7fa4cf8fb380>: Jetpack (/private/var/containers/Bundle/Application/B2E1C2E9-AB89-4A5C-935F-4E0AF2AF6748/jetpack.app),
    <DTDKApplication: 0x7fa4b4e9d4d0>: LastPass (/private/var/containers/Bundle/Application/B90DE976-89E6-4F6B-8F99-9A88A80AD81E/LastPass.app),
    <DTDKApplication: 0x7fa4b4eba2f0>: R&R job app (/private/var/containers/Bundle/Application/B542FE8B-9335-4D54-9A4F-F53460508694/UIiOS.app),
    <DTDKApplication: 0x7fa4d014aa70>: PlayStation (/private/var/containers/Bundle/Application/D1637786-C7DE-4E16-ACBD-7C652CD5FA1F/PlayStationApp.app),
    <DTDKApplication: 0x7fa4d06eab50>: Metronome (/private/var/containers/Bundle/Application/7DEF2F2C-59DF-4FD9-BE35-CC470B747673/metronome.app),
    <DTDKApplication: 0x7fa4b4e79330>: Apple Store (/private/var/containers/Bundle/Application/D32C4533-2B27-48F2-B1C9-9BED4F0B67B2/Apple Store.app),
    <DTDKApplication: 0x7fa4b4e827a0>: MijnKPN (/private/var/containers/Bundle/Application/CDC7E5CF-C46A-436E-BC6D-E78EF9EE6F46/MijnKPN.app),
    <DTDKApplication: 0x7fa4b3036ad0>: Angry Birds (/private/var/containers/Bundle/Application/F3CDB9CD-DF61-47DB-B8CF-A50736447F27/AngryBirdsSeasonsFull.app),
    <DTDKApplication: 0x7fa4b30899d0>: Songkick (/private/var/containers/Bundle/Application/63078385-B95D-41FA-AD18-621552C8A6D6/Songkick.app),
    <DTDKApplication: 0x7fa4b4e73e60>: ARKitTest (/private/var/containers/Bundle/Application/9A4367BE-13B6-46B4-8751-685659E37EC3/ARKitTest.app),
    <DTDKApplication: 0x7fa4d06eaca0>: POP (/private/var/containers/Bundle/Application/F690951A-286C-41D9-A38B-7BC6B471CCBF/Marvel iOS.app),
    <DTDKApplication: 0x7fa4b4e7ec50>: 100 Pushups (/private/var/containers/Bundle/Application/FA49D3EF-D209-492E-BF5A-112916E128C0/HundredPushUps.app),
    <DTDKApplication: 0x7fa4b36ab920>: Flipboard (/private/var/containers/Bundle/Application/49A5E67D-FCE1-4559-8AA1-9C1848E6A3A0/Flipboard.app),
    <DTDKApplication: 0x7fa4b4ef0d50>: Beardify (/private/var/containers/Bundle/Application/C3F7D0EA-1AE3-44F2-816F-23FD119898F1/Beardify.app),
    <DTDKApplication: 0x7fa4b4e73320>: Minigore (/private/var/containers/Bundle/Application/1B0AB569-DCF9-41C0-9960-CC33A97678CE/Minigore.app),
    <DTDKApplication: 0x7fa4b4e6dc80>: Buienalarm (/private/var/containers/Bundle/Application/41E6965D-F258-404D-9A73-582786B9835F/Buienalarm.app),
    <DTDKApplication: 0x7fa4b4e71cc0>: Siemie & Koko (/private/var/containers/Bundle/Application/2EEF7F07-6AB9-4FD0-AB0E-12E74AEA7410/VidPlayback.app),
    <DTDKApplication: 0x7fa4b4e71bb0>: Messenger (/private/var/containers/Bundle/Application/5CF65EA1-A9FB-4957-9B06-A865734D9081/Messenger.app),
    <DTDKApplication: 0x7fa4b36c3920>: SoundCloud (/private/var/containers/Bundle/Application/26738CA8-9B7D-413A-A14F-CDB44D0F4ED2/SoundCloud.app),
    <DTDKApplication: 0x7fa4b4a616b0>: DS file (/private/var/containers/Bundle/Application/F69498B3-6B27-475B-B988-517A63E32FC6/DSfile.app),
    <DTDKApplication: 0x7fa4b30e6a40>: Telegram (/private/var/containers/Bundle/Application/04E57065-8341-4AB9-BA61-6795BC59A790/Telegram.app),
    <DTDKApplication: 0x7fa4b4ea5310>: 9292 (/private/var/containers/Bundle/Application/FF1F5E69-2F50-46F8-BDED-3C8C21E68CC9/9292.app),
    <DTDKApplication: 0x7fa4b4eca600>: WWDC (/private/var/containers/Bundle/Application/1C266ADC-CE5A-46D4-AC26-CD3F2FB03EB6/WWDC.app),
    <DTDKApplication: 0x7fa4d06f0600>: Udemy (/private/var/containers/Bundle/Application/D2F4C0C4-CC70-4B30-AE7F-1FA2EBFEC46A/udemy-mobile-ios.app),
    <DTDKApplication: 0x7fa4b4ea34d0>: TED (/private/var/containers/Bundle/Application/AB0818EB-8D1B-4198-9B34-4F7EF406A58E/TED.app),
    <DTDKApplication: 0x7fa4b361ddd0>: PS Messages (/private/var/containers/Bundle/Application/AAC113A3-E2C2-48F7-BEB3-BEF47E9840E5/PS Messages.app),
    <DTDKApplication: 0x7fa4b4e92d50>: iPad&iPhone (/private/var/containers/Bundle/Application/336F0775-2AD3-4A14-82DB-312F903D42F6/iPad&iPhone.app),
    <DTDKApplication: 0x7fa4b4ea3380>: OPM (/private/var/containers/Bundle/Application/D2321AD2-05FB-49FC-AA96-5BE0195E60C4/folio.app),
    <DTDKApplication: 0x7fa4b4a272e0>: World Brush (/private/var/containers/Bundle/Application/EADA560A-97A4-43EA-8942-FECF5BF60113/World Brush.app),
    <DTDKApplication: 0x7fa4d0670a70>: BandDiscoverer (/private/var/containers/Bundle/Application/85B9BAC4-7BE6-4EEF-BB2A-A7047B16DE6B/BandDiscoverer.app),
    <DTDKApplication: 0x7fa4b4aee120>: Jumbo (/private/var/containers/Bundle/Application/232DE7B1-8DB5-42F1-8534-F8AF5796A5D4/Jumbo.app),
    <DTDKApplication: 0x7fa4b4ab6c40>: Stack AR (/private/var/containers/Bundle/Application/1B572985-CC81-4B4C-BE0F-B019B4BF9293/stackar.app),
    <DTDKApplication: 0x7fa4b30f8ca0>: Bandsintown (/private/var/containers/Bundle/Application/13607958-3D55-44F1-8FA9-31A94C517C4E/Bandsintown Concerts.app),
    <DTDKApplication: 0x7fa4b4e554d0>: Tikkie (/private/var/containers/Bundle/Application/6513C7CE-78ED-48D3-9578-58291ED9E002/Eddie Production.app),
    <DTDKApplication: 0x7fa4b4eeabf0>: Facebook Page (/private/var/containers/Bundle/Application/89A9786B-6993-474D-9956-5055B3BAF01F/PageAdmin.app),
    <DTDKApplication: 0x7fa4b36c3880>: MARIO RUN (/private/var/containers/Bundle/Application/DFA0EE68-A66B-4F9F-A11A-FECB58FA96AB/SuperMarioRunStickers.app),
    <DTDKApplication: 0x7fa4b36c38d0>: Creditcards (/private/var/containers/Bundle/Application/29880898-CA63-431D-9B77-30F44F10C880/Creditcards.app),
    <DTDKApplication: 0x7fa4b30e6ad0>: Bankieren (/private/var/containers/Bundle/Application/95E10D51-1F9C-4FB1-AE30-756C153BF54E/iOS App.app),
    <DTDKApplication: 0x7fa4d0670ac0>: Troostwijk (/private/var/containers/Bundle/Application/D520E21A-6195-4B4F-98E9-ABCD64926C85/TroostwijkAuctionsClientiOS.app),
    <DTDKApplication: 0x7fa4b4abbdf0>: Bankieren (/private/var/containers/Bundle/Application/FECB02D2-3EDA-4E25-AC3C-6D0C40FE6BBA/ABN.app),
    <DTDKApplication: 0x7fa4b4e792e0>: Classic Rock (/private/var/containers/Bundle/Application/3B74CAD6-0965-4FAF-AB4F-70F235157FC3/folio.app),
    <DTDKApplication: 0x7fa4b3015b50>: Booking.com (/private/var/containers/Bundle/Application/9135E953-C033-478D-BBBD-AADA158A94AB/Booking.com.app),
    <DTDKApplication: 0x7fa4b36dd590>: Shazam (/private/var/containers/Bundle/Application/6DAF0944-23E7-4B78-A913-0EB65882C53C/Shazam.app),
    <DTDKApplication: 0x7fa4d014ab00>: Instagram (/private/var/containers/Bundle/Application/2C670362-9C1E-4F4C-9AF2-3B0F8C21A559/Instagram.app),
    <DTDKApplication: 0x7fa4b4a61750>: Stick Hero (/private/var/containers/Bundle/Application/3AB36FDA-92B3-45E7-A4F4-2C41B75D3D28/stickhero.app),
    <DTDKApplication: 0x7fa4b4abbca0>: BVA (/private/var/containers/Bundle/Application/EBFA54A5-321F-480C-AB12-A80B72B79BBE/BVA.app),
    <DTDKApplication: 0x7fa4b361dd80>: iTunesÂ U (/private/var/containers/Bundle/Application/8A1FEA2B-397D-4005-A25B-30751E3D5153/iTunesU.app),
    <DTDKApplication: 0x7fa4b4e92df0>: Bankieren (/private/var/containers/Bundle/Application/F2C7B1F7-DEB2-438A-B9EA-1C61A8D0ABC3/BankierenPlus.app),
    <DTDKApplication: 0x7fa4b4eeb460>: Spotify (/private/var/containers/Bundle/Application/B8C026BE-46E2-4813-8C1F-D74F74CBB38B/Spotify.app),
    <DTDKApplication: 0x7fa4cf8fb490>: IMDb (/private/var/containers/Bundle/Application/8A16BF5F-397A-4CAC-8120-D7EA4768EF36/IMDb.app),
    <DTDKApplication: 0x7fa4b4eb59a0>: Bandcamp (/private/var/containers/Bundle/Application/9EED7798-1762-42FA-973B-83A0AA1DF5E8/Bandcamp.app),
    <DTDKApplication: 0x7fa4b4e55560>: Netflix (/private/var/containers/Bundle/Application/8A4DA81C-CA5F-4988-82E0-FA79D67C5EDB/Argo.app),
    <DTDKApplication: 0x7fa4b36dd440>: WhatsApp (/private/var/containers/Bundle/Application/99FB2EF6-DA20-4A77-B052-5AA72115E8CC/WhatsApp.app),
    <DTDKApplication: 0x7fa4b4e73dd0>: Snapchat (/private/var/containers/Bundle/Application/4191F46B-4E0B-4066-A16F-23F19340A832/Snapchat.app),
    <DTDKApplication: 0x7fa4b4a0e850>: WordFoto (/private/var/containers/Bundle/Application/0C21BB10-CC7D-4FC3-B346-78042AF0DB42/WordFoto.app),
    <DTDKApplication: 0x7fa4b4e92f60>: STACK (/private/var/containers/Bundle/Application/6C29EA28-CB6A-4227-B016-2A0A60AB04A3/Stack.app),
    <DTDKApplication: 0x7fa4b4e92da0>: Emoji Free! (/private/var/containers/Bundle/Application/4F1CB33E-BA5D-4836-A0F5-26A5C07A6026/emojifree.app),
    <DTDKApplication: 0x7fa4b4eba340>: Evernote (/private/var/containers/Bundle/Application/74BE3A08-B06D-461E-AFC9-8ABA5A5D606C/Evernote.app),
    <DTDKApplication: 0x7fa4b30f8b90>: Canvas (/private/var/containers/Bundle/Application/BC6C614A-7115-4F7C-B2E7-14AB059CD603/Canvas.app),
    <DTDKApplication: 0x7fa4b3670280>: YouTube (/private/var/containers/Bundle/Application/BD8BDD95-1788-4DA5-9574-BB46B6AB9C42/YouTube.app),
    <DTDKApplication: 0x7fa4b3004100>: TVGiDS.tv (/private/var/containers/Bundle/Application/8EA64CFD-AB23-4E47-9C0E-FBE0FD252809/TVGiDS.tv 1.0 NL Lite.app),
    <DTDKApplication: 0x7fa4b4e9d520>: Locate (/private/var/containers/Bundle/Application/C12F2573-A33F-4618-A577-2DBA088B4D68/iBeaconLoc.app),
    <DTDKApplication: 0x7fa4b4ea54d0>: iCreate (/private/var/containers/Bundle/Application/E937A97A-A33D-419C-AD63-AD403393536B/folio.app),
    <DTDKApplication: 0x7fa4b4eca8a0>: Reisplanner (/private/var/containers/Bundle/Application/371C46C2-2E9C-48A1-9741-0E7C30C98940/Arend.app),
    <DTDKApplication: 0x7fa4b36b3fa0>: 200 Situps (/private/var/containers/Bundle/Application/3E6FFA7C-71E4-4DC3-984A-638F1EB8ED84/TwoHundredSitups.app),
    <DTDKApplication: 0x7fa4cf861cb0>: MyFitnessPal (/private/var/containers/Bundle/Application/9B4DE005-DA51-431C-A86D-7F46738986FF/MyFitnessPal.app),
    <DTDKApplication: 0x7fa4d06f04b0>: Slack (/private/var/containers/Bundle/Application/80A94067-2E58-4B64-AD4A-32CF049F7B13/Slack.app),
    <DTDKApplication: 0x7fa4b4a61700>: Untappd (/private/var/containers/Bundle/Application/2D924C89-2C8F-41F0-B4A5-8A59208F7A55/Untappd.app),
    <DTDKApplication: 0x7fa4b36aba70>: Blockfolio (/private/var/containers/Bundle/Application/EE94D2B0-1732-4668-BBEA-B75F2263C64D/Blockfolio.app),
    <DTDKApplication: 0x7fa4b4eeac80>: NU.nl (/private/var/containers/Bundle/Application/F671540C-6FB1-4421-81FF-CDED4F9CFD4D/NU.nl.app),
    <DTDKApplication: 0x7fa4b4a27330>: Practical Photoshop (/private/var/containers/Bundle/Application/6F14823D-46E7-4F9A-B52D-321E7CA62B16/folio.app),
    <DTDKApplication: 0x7fa4b4eeb5b0>: Showroom (/private/var/containers/Bundle/Application/15CDE436-F08F-4951-92EC-A009E745CCD8/Showroom.app),
    <DTDKApplication: 0x7fa4b4a1f990>: Ticketmaster (/private/var/containers/Bundle/Application/6170F876-6D57-42E5-9FDD-C45B4D379065/Ticketmaster.app)
)}
		provisioningProfiles:      {(
    <DTDKProvisioningProfile 0x7fa4c8ebae40: UUID: f76e1e58-c85c-4cda-b7a8-80978dc9faa8, name: SiemieAndKokoDevelopment, team: P9Y3SFQ5AH (Siemie & Koko), platform: iOS>,
    <DTDKProvisioningProfile 0x7fa4c77c1140: UUID: 6984ac7a-0f8c-491f-971b-0a6552913757, name: iOS Team Provisioning Profile: com.koenvestjens.BandDiscoverer, team: RTSGN6L22S (Koen Vestjens), platform: iOS>,
    <DTDKProvisioningProfile 0x7fa4c319cdb0: UUID: ed6f5eec-cd6a-4563-ab7c-678b6c363f72, name: iOS Team Provisioning Profile: com.ontmoetsiemie.SNKDemo, team: P9Y3SFQ5AH (Siemie & Koko), platform: iOS>,
    <DTDKProvisioningProfile 0x7fa4cfac8220: UUID: 49f93e57-7138-4bd8-b256-f5581d6aa187, name: iOS Team Provisioning Profile: com.ontmoetsiemie.SiemieAndKoko, team: P9Y3SFQ5AH (Siemie & Koko), platform: iOS>,
    <DTDKProvisioningProfile 0x7fa4c97afcc0: UUID: bf13957c-5064-4e7c-9447-51faf2bb7518, name: iOS Team Provisioning Profile: *, team: P9Y3SFQ5AH (Siemie & Koko), platform: iOS>,
    <DTDKProvisioningProfile 0x7fa4c937b810: UUID: 6cdd4631-3dfb-484b-80a8-71dc561fd056, name: iOS Team Provisioning Profile: com.ontmoetsiemie.SiemieAndKoko, team: P9Y3SFQ5AH (Siemie & Koko), platform: iOS>,
    <DTDKProvisioningProfile 0x7fa4c8b3ea20: UUID: 60ad9817-c072-4126-9247-65e39d8776e9, name: SiemieAndKokoDevelopment, team: P9Y3SFQ5AH (Siemie & Koko), platform: iOS>,
    <DTDKProvisioningProfile 0x7fa4c934f3e0: UUID: 5faae7a1-288a-4e7f-8229-da50cf22b6c7, name: iOS Team Provisioning Profile: koenvestjens.DPI-Application, team: P9Y3SFQ5AH (Siemie & Koko), platform: iOS>,
    <DTDKProvisioningProfile 0x7fa4c31d4e60: UUID: 7412be5a-1eda-478d-8588-9cd9378441eb, name: iOS Team Provisioning Profile: *, team: P9Y3SFQ5AH (Siemie & Koko), platform: iOS>,
    <DTDKProvisioningProfile 0x7fa4b0c04810: UUID: a2dd8743-1cb8-4a5f-a623-339af2231cf4, name: iOS Team Provisioning Profile: *, team: P9Y3SFQ5AH (Siemie & Koko), platform: iOS>,
    <DTDKProvisioningProfile 0x7fa4c8e6fef0: UUID: 8b3390d4-16f7-4c61-bdd5-4c06d627dfc7, name: iOS Team Provisioning Profile: com.ontmoetsiemie.SiemieAndKoko, team: P9Y3SFQ5AH (Siemie & Koko), platform: iOS>,
    <DTDKProvisioningProfile 0x7fa4c8bb8e00: UUID: a3ba73cd-e6c8-4be7-9078-fd1254ff71b1, name: SnK Demo Development, team: P9Y3SFQ5AH (Siemie & Koko), platform: iOS>
)}
		hasInternalSupport:        NO
		isSupportedOS:             YES
		developerDiskMountError:   (null)
(null)
	bootArgs:                  <unavailable>
		connected:                 yes
		isWirelessEnabled:         no
		connectionType:            direct
		} (11.1 (15B5066f))
11:55:05.101 Xcode[2091:52298] Launching with Xcode.DebuggerFoundation.Launcher.LLDB
11:55:05.102 Xcode[2091:52298] Test standard output and standard error is at /var/folders/nj/wn3hdpgn2s12jbym_6lnb11h0000gn/T/com.apple.dt.XCTest/IDETestRunSession-E5494220-8293-4281-8FF6-32F30218E561/BandDiscovererTests-6C8A4F6D-924B-4C78-A75F-809886ECAC13/StandardOutputAndStandardError.txt
11:55:10.034 Xcode[2091:52298] Launch session started.
11:55:10.056 Xcode[2091:116834] Installing com.koenvestjens.BandDiscoverer using MobileInstall
11:55:10.056 Xcode[2091:52298] Setting up test runner session
11:55:10.060 Xcode[2091:116823] Connecting to mobile device: 4fcb318dbe549a16876273089e6e5a1f2ca8f723
11:55:10.064 Xcode[2091:116823] Starting session with mobile device
11:55:10.131 Xcode[2091:116823] Starting test manager service on mobile device.
11:55:10.139 Xcode[2091:116951] Received connection for test runner session
11:55:10.139 Xcode[2091:116951] Listening for proxy connection request from the test bundle
11:55:10.140 Xcode[2091:52298] Test runner session acquired connection.
11:55:10.140 Xcode[2091:52298] Waiting for test process to launch.
11:55:10.140 Xcode[2091:116951] Initiating session with identifier: 875B4F6F-FE14-4436-BFC6-075E528905F0
11:55:10.144 Xcode[2091:116831] app uninstall set - {(
)}
11:55:10.144 Xcode[2091:116831] app install set - {(
    <DVTFilePath:0x7fa4d00022f0:'/Users/Koen/Documents/Development/FollowYourFavouriteArtists/DerivedData/BandDiscoverer/Build/Products/Debug-iphoneos/BandDiscoverer.app'>
)}
11:55:10.165 Xcode[2091:116719] Got reply to session initiation request with identifier 875B4F6F-FE14-4436-BFC6-075E528905F0 (result:error): 25: (null)
11:55:11.573 Xcode[2091:116834] Fetching applications...
11:55:12.092 Xcode[2091:116834] Done fetching applications...
11:55:12.092 Xcode[2091:116834] remoteExecutable setInstalledPath:/private/var/containers/Bundle/Application/2BBB7778-F340-4FF4-8888-4A36351FB7D5/BandDiscoverer.app

11:55:12.093 Xcode[2091:116834] Configuring for testing on device...
11:55:12.093 Xcode[2091:116834] Updating test configuration with device paths.
11:55:12.094 Xcode[2091:116834] Updated test configuration at /var/folders/nj/wn3hdpgn2s12jbym_6lnb11h0000gn/T/com.apple.dt.XCTest/IDETestRunSession-E5494220-8293-4281-8FF6-32F30218E561/BandDiscovererTests-6C8A4F6D-924B-4C78-A75F-809886ECAC13/LaunchSessions/875B4F6F-FE14-4436-BFC6-075E528905F0/remote-container/tmp/BandDiscovererTests-875B4F6F-FE14-4436-BFC6-075E528905F0.xctestconfiguration with device paths: <XCTestConfiguration: 0x7fa4d0608230>
	                  testBundleURL:file:///private/var/containers/Bundle/Application/2BBB7778-F340-4FF4-8888-4A36351FB7D5/BandDiscoverer.app/PlugIns/BandDiscovererTests.xctest
	         testBundleRelativePath:(null)
	              productModuleName:BandDiscovererTests
	                    testsToSkip:(null)
	                     testsToRun:BandDiscovererTests
	             reportResultsToIDE:YES
	              sessionIdentifier:875B4F6F-FE14-4436-BFC6-075E528905F0
	     pathToXcodeReportingSocket:(null)
	      disablePerformanceMetrics:no
	treatMissingBaselinesAsFailures:no
	                baselineFileURL:(null)
	       baselineFileRelativePath:(null)
	          targetApplicationPath:(null)
	      targetApplicationBundleID:(null)
	 testApplicationDependencies:(null)
	 testApplicationUserOverrides:(null)
	     targetApplicationArguments:
	   targetApplicationEnvironment:(null)
	               reportActivities:YES
	       testsMustRunOnMainThread:no
	         initializeForUITesting:no
	 aggregateStatisticsBeforeCrash:{
    XCSuiteRecordsKey =     {
    };
}
	        automationFrameworkPath:/Developer/Library/PrivateFrameworks/XCTAutomationSupport.framework
	                     emitOSLogs:no
	       systemAttachmentLifetime:1
	         userAttachmentLifetime:1

11:55:12.094 Xcode[2091:116834] Uploading test configuration to app container.
11:55:13.797 Xcode[2091:116834] Updating test process environment variables.
11:55:13.798 Xcode[2091:116834] Removed old IDEBundleInjection paths (
    "__PLATFORMS__/iPhoneOS.platform/Developer/Library/PrivateFrameworks/IDEBundleInjection.framework/IDEBundleInjection"
) from DYLD_INSERT_LIBRARIES leaving (
    "/Developer/usr/lib/libMainThreadChecker.dylib"
)
11:55:13.798 Xcode[2091:116834] Updated testing environment variables {
    "DYLD_FRAMEWORK_PATH" = "/private/var/containers/Bundle/Application/2BBB7778-F340-4FF4-8888-4A36351FB7D5/BandDiscoverer.app/Frameworks:/Users/Koen/Documents/Development/FollowYourFavouriteArtists/DerivedData/BandDiscoverer/Build/Products/Debug-iphoneos:__PLATFORMS__/iPhoneOS.platform/Developer/Library/Frameworks:/Developer/Library/PrivateFrameworks";
    "DYLD_INSERT_LIBRARIES" = "/Developer/usr/lib/libMainThreadChecker.dylib:/private/var/containers/Bundle/Application/2BBB7778-F340-4FF4-8888-4A36351FB7D5/BandDiscoverer.app/Frameworks/IDEBundleInjection.framework/IDEBundleInjection";
    "DYLD_LIBRARY_PATH" = "/private/var/containers/Bundle/Application/2BBB7778-F340-4FF4-8888-4A36351FB7D5/BandDiscoverer.app/Frameworks:/Users/Koen/Documents/Development/FollowYourFavouriteArtists/DerivedData/BandDiscoverer/Build/Products/Debug-iphoneos:__PLATFORMS__/iPhoneOS.platform/Developer/Library/Frameworks:/Developer/Library/PrivateFrameworks";
    "MTC_CRASH_ON_REPORT" = 1;
    XCInjectBundleInto = "/private/var/containers/Bundle/Application/2BBB7778-F340-4FF4-8888-4A36351FB7D5/BandDiscoverer.app/BandDiscoverer";
    "XCODE_DBG_XPC_EXCLUSIONS" = "com.apple.dt.xctestSymbolicator";
    XCTestConfigurationFilePath = "/private/var/mobile/Containers/Data/Application/5263B64D-0309-493B-B975-93E3BDFE132E/tmp/BandDiscovererTests-875B4F6F-FE14-4436-BFC6-075E528905F0.xctestconfiguration";
}
11:55:13.877 Xcode[2091:116951] Started debugserver on device. fd = 85
11:55:14.069 Xcode[2091:52298] Adding console adaptor <IDEConsoleAdaptor: 0x7fa4b3750220 'target' stdin: <IDEMasterPtyFileHandle: 0x7fa4b33f7a00 MasterFH: <NSConcreteFileHandle: 0x7fa4b4bbbf10> 88 SlaveFH: <NSConcreteFileHandle: 0x7fa4b4bc5950> 89> 88 stdout: <IDEMasterPtyFileHandle: 0x7fa4b33f7a00 MasterFH: <NSConcreteFileHandle: 0x7fa4b4bbbf10> 88 SlaveFH: <NSConcreteFileHandle: 0x7fa4b4bc5950> 89> 88 stderr: (null) 0> for test session 875B4F6F-FE14-4436-BFC6-075E528905F0.
11:55:14.285 Xcode[2091:52298] Waiting for test process to check in..., will wait up to 120s
11:55:14.285 Xcode[2091:52298] Test process runnable PID is 1106.
11:55:16.181 Xcode[2091:117164] <IDETestOperationCoordinator: 0x7fa4b5100000>: parseConsoleOutputFromOriginalOutput: called, 117 bytes written out to StandardOutputAndStandardError
11:55:16.182 Xcode[2091:117164] <IDETestOperationCoordinator: 0x7fa4b5100000>: parseConsoleOutputFromOriginalOutput: called, 102 bytes written out to StandardOutputAndStandardError
11:55:16.204 Xcode[2091:117164] <IDETestOperationCoordinator: 0x7fa4b5100000>: parseConsoleOutputFromOriginalOutput: called, 232 bytes written out to StandardOutputAndStandardError
11:55:16.365 Xcode[2091:117164] <IDETestOperationCoordinator: 0x7fa4b5100000>: parseConsoleOutputFromOriginalOutput: called, 109 bytes written out to StandardOutputAndStandardError
11:55:16.485 Xcode[2091:117164] <IDETestOperationCoordinator: 0x7fa4b5100000>: parseConsoleOutputFromOriginalOutput: called, 1024 bytes written out to StandardOutputAndStandardError
11:55:16.485 Xcode[2091:117164] <IDETestOperationCoordinator: 0x7fa4b5100000>: parseConsoleOutputFromOriginalOutput: called, 1024 bytes written out to StandardOutputAndStandardError
11:55:16.485 Xcode[2091:117164] <IDETestOperationCoordinator: 0x7fa4b5100000>: parseConsoleOutputFromOriginalOutput: called, 318 bytes written out to StandardOutputAndStandardError
11:55:16.490 Xcode[2091:116714] Handling proxy channel request from test runner
11:55:16.491 Xcode[2091:116714] Test runner is ready, running protocol 25, requires at least version 8. Control framework is running 25 and requires at least 8
11:55:16.491 Xcode[2091:52298] Test runner session successfully initiated.
11:55:16.491 Xcode[2091:52298] Creating the daemon control session.
11:55:16.491 Xcode[2091:52298] Whitelisting test process ID 1106
11:55:16.491 Xcode[2091:52298] Got authorization request for pid 1106
11:55:16.493 Xcode[2091:116951] Connecting to mobile device: 4fcb318dbe549a16876273089e6e5a1f2ca8f723
11:55:16.494 Xcode[2091:116951] Starting session with mobile device
11:55:16.719 Xcode[2091:116951] Starting test manager service on mobile device.
11:55:16.730 Xcode[2091:116716] Requesting authorization for pid 1106
11:55:16.745 Xcode[2091:116714] Got reply to authorization request for pid 1106 (result:error): 25: (null)
11:55:16.745 Xcode[2091:52298] Got whitelisting response from test daemon. Success: 1
11:55:16.745 Xcode[2091:52298] Registering/updating daemon-based crash report observer for process names (
    XCTRunner,
    BandDiscoverer,
    xctest
), report directories: (
    "/var/mobile/Library/Logs/CrashReporter/"
).
11:55:16.755 Xcode[2091:52298] Telling test runner to start executing tests.
11:55:16.713 testmanagerd[1102:229105] Received request to collect crash reports in directories '/var/mobile/Library/Logs/CrashReporter/' for processes with names 'XCTRunner', 'BandDiscoverer', 'xctest'
11:55:16.713 testmanagerd[1102:229105] Initializing crash report observer for /var/mobile/Library/Logs/CrashReporter/
11:55:16.713 testmanagerd[1102:229105] Getting files in /var/mobile/Library/Logs/CrashReporter/
11:55:16.713 testmanagerd[1102:229105] Found 81 files in /var/mobile/Library/Logs/CrashReporter/
11:55:16.713 testmanagerd[1102:229105] Started monitoring /var/mobile/Library/Logs/CrashReporter/
11:55:16.409 BandDiscoverer[1106:229327] Linked XCTest.framework from /var/containers/Bundle/Application/2BBB7778-F340-4FF4-8888-4A36351FB7D5/BandDiscoverer.app/Frameworks/XCTest.framework/XCTest, built with Xcode 0910(9B26), modified on Monday, 13 November 2017 at 11:46:11 Central European Standard Time
XCTest.framework bundle version: 13514
11:55:16.410 BandDiscoverer[1106:229327] System uptime: 5:08:22
11:55:16.410 BandDiscoverer[1106:229327] Process arguments: (
    "/var/containers/Bundle/Application/2BBB7778-F340-4FF4-8888-4A36351FB7D5/BandDiscoverer.app/BandDiscoverer",
    "-NSTreatUnknownArgumentsAsOpen",
    NO,
    "-ApplePersistenceIgnoreState",
    YES
)
11:55:16.410 BandDiscoverer[1106:229327] Process environment: {
    "CFFIXED_USER_HOME" = "/private/var/mobile/Containers/Data/Application/5263B64D-0309-493B-B975-93E3BDFE132E";
    CLASSIC = 0;
    "DYLD_FRAMEWORK_PATH" = "/private/var/containers/Bundle/Application/2BBB7778-F340-4FF4-8888-4A36351FB7D5/BandDiscoverer.app/Frameworks:/Users/Koen/Documents/Development/FollowYourFavouriteArtists/DerivedData/BandDiscoverer/Build/Products/Debug-iphoneos:__PLATFORMS__/iPhoneOS.platform/Developer/Library/Frameworks:/Developer/Library/PrivateFrameworks";
    "DYLD_INSERT_LIBRARIES" = "";
    "DYLD_LIBRARY_PATH" = "/private/var/containers/Bundle/Application/2BBB7778-F340-4FF4-8888-4A36351FB7D5/BandDiscoverer.app/Frameworks:/Users/Koen/Documents/Development/FollowYourFavouriteArtists/DerivedData/BandDiscoverer/Build/Products/Debug-iphoneos:__PLATFORMS__/iPhoneOS.platform/Developer/Library/Frameworks:/Developer/Library/PrivateFrameworks";
    HOME = "/private/var/mobile/Containers/Data/Application/5263B64D-0309-493B-B975-93E3BDFE132E";
    LOGNAME = mobile;
    "MTC_CRASH_ON_REPORT" = 1;
    NSUnbufferedIO = YES;
    "OS_ACTIVITY_DT_MODE" = YES;
    PATH = "/usr/bin:/bin:/usr/sbin:/sbin";
    SHELL = "/bin/sh";
    TMPDIR = "/private/var/mobile/Containers/Data/Application/5263B64D-0309-493B-B975-93E3BDFE132E/tmp/";
    USER = mobile;
    XCInjectBundleInto = "/private/var/containers/Bundle/Application/2BBB7778-F340-4FF4-8888-4A36351FB7D5/BandDiscoverer.app/BandDiscoverer";
    "XCODE_DBG_XPC_EXCLUSIONS" = "com.apple.dt.xctestSymbolicator";
    XCTestConfigurationFilePath = "/private/var/mobile/Containers/Data/Application/5263B64D-0309-493B-B975-93E3BDFE132E/tmp/BandDiscovererTests-875B4F6F-FE14-4436-BFC6-075E528905F0.xctestconfiguration";
    "XPC_FLAGS" = 0x0;
    "XPC_SERVICE_NAME" = "UIKitApplication:com.koenvestjens.BandDiscoverer[0xc0cc][66]";
    "__CF_USER_TEXT_ENCODING" = "0x1F5:0:0";
}
11:55:16.411 BandDiscoverer[1106:229327] App Sandbox active: YES
11:55:16.411 BandDiscoverer[1106:229327] Loading test bundle at: file:///private/var/containers/Bundle/Application/2BBB7778-F340-4FF4-8888-4A36351FB7D5/BandDiscoverer.app/PlugIns/BandDiscovererTests.xctest
11:55:16.411 BandDiscoverer[1106:229327] Finished loading test bundle
11:55:16.411 BandDiscoverer[1106:229327] Readying IDE session
11:55:16.412 BandDiscoverer[1106:229327] <XCTWaiter: 0x1c001bde0, state: XCTWaiterStateInProgress> entering wait loop for 5.00s with expectations: (
    "Exchange protocol versions with daemon"
)
11:55:16.442 BandDiscoverer[1106:229374] Got daemon protocol version 18
11:55:16.442 BandDiscoverer[1106:229374] <XCTWaiter: 0x1c001bde0, state: XCTWaiterStateSucceeded>: cancelWaiting
11:55:16.444 BandDiscoverer[1106:229327] <XCTWaiter: 0x1c001bde0, state: XCTWaiterStateSucceeded> done waiting
11:55:16.444 BandDiscoverer[1106:229327] <XCTWaiter: 0x1c001bde0, state: XCTWaiterStateSucceeded> cleaning up Exchange protocol versions with daemon
11:55:16.445 BandDiscoverer[1106:229327] Requesting IDE connection transport
11:55:16.445 BandDiscoverer[1106:229327] <XCTWaiter: 0x1c4209610, state: XCTWaiterStateInProgress> entering wait loop for 60.00s with expectations: (
    "Transport for IDE session acquired"
)
11:55:16.447 BandDiscoverer[1106:229374] Creating transport with received transport data
11:55:16.448 BandDiscoverer[1106:229373] <XCTWaiter: 0x1c4209610, state: XCTWaiterStateSucceeded>: cancelWaiting
11:55:16.448 BandDiscoverer[1106:229327] <XCTWaiter: 0x1c4209610, state: XCTWaiterStateSucceeded> done waiting
11:55:16.448 BandDiscoverer[1106:229327] <XCTWaiter: 0x1c4209610, state: XCTWaiterStateSucceeded> cleaning up Transport for IDE session acquired
11:55:16.449 BandDiscoverer[1106:229327] Creating connection with transport <DTXFileDescriptorTransport: 0x1c42eba00>
11:55:16.449 BandDiscoverer[1106:229327] Creating the proxy channel with connection <DTXConnection 0x1c41fac00 : x1>
11:55:16.449 BandDiscoverer[1106:229327] Messaging IDE proxy - _XCT_testBundleReadyWithProtocolVersion:25 minimumVersion:8
11:55:16.450 BandDiscoverer[1106:229327] <XCTWaiter: 0x1c4209790, state: XCTWaiterStateInProgress> entering wait loop for 60.00s with expectations: (
    "IDE session ready for test plan"
)
11:55:16.451 BandDiscoverer[1106:229386] _XCT_testBundleReadyWithProtocolVersion:minimumVersion: reply received
11:55:16.716 BandDiscoverer[1106:229376] _IDE_startExecutingTestPlanWithProtocolVersion:25
11:55:16.716 BandDiscoverer[1106:229376] <XCTWaiter: 0x1c4209790, state: XCTWaiterStateSucceeded>: cancelWaiting
11:55:16.716 BandDiscoverer[1106:229327] <XCTWaiter: 0x1c4209790, state: XCTWaiterStateSucceeded> done waiting
11:55:16.716 BandDiscoverer[1106:229327] <XCTWaiter: 0x1c4209790, state: XCTWaiterStateSucceeded> cleaning up IDE session ready for test plan
11:55:16.762 Xcode[2091:52298] Starting test plan, clearing initialization timeout timer.
11:55:16.720 BandDiscoverer[1106:229327] Loading test suite...
11:55:16.720 BandDiscoverer[1106:229327] Finished loading test suite, took 0.000s
11:55:16.720 BandDiscoverer[1106:229327] -[XCTRunnerIDESession testBundleWillStart:]
11:55:16.720 BandDiscoverer[1106:229327] Running suite...
11:55:16.721 BandDiscoverer[1106:229327] -[XCTRunnerIDESession testSuiteWillStart:]
11:55:16.763 Xcode[2091:52298] _XCT_testSuite:Selected tests didStartAt:2017-11-13 10:55:16 +0000
11:55:16.763 Xcode[2091:116951] (LOG ARBITER) Rotating message buffer with 1 messages.
11:55:16.776 Xcode[2091:116951] (LOG ARBITER) Dumping buffered message data; 1 messages.
11:55:16.777 Xcode[2091:116834] (LOG ARBITER) Dumping buffered message data; 0 messages.
11:55:16.721 BandDiscoverer[1106:229327] -[XCTRunnerIDESession testSuiteWillStart:]
11:55:16.721 BandDiscoverer[1106:229327] -[XCTRunnerIDESession testSuiteWillStart:]
11:55:16.764 Xcode[2091:52298] _XCT_testSuite:BandDiscovererTests didStartAt:2017-11-13 10:55:16 +0000
11:55:16.767 Xcode[2091:52298] _XCT_testCaseDidStartForTestClass:BandDiscovererTests.BandDiscovererTests method:testExample
11:55:16.722 BandDiscoverer[1106:229327] -[XCTRunnerIDESession testCaseWillStart:] BandDiscovererTests.BandDiscovererTests testExample
11:55:16.776 Xcode[2091:52298] _XCT_testCaseDidFinishForTestClass:BandDiscovererTests.BandDiscovererTests method:testExample withStatus:passed duration:0.008554995059967041
11:55:16.776 Xcode[2091:52298] _XCT_testCaseDidStartForTestClass:BandDiscovererTests.BandDiscovererTests method:testGetCityFromLocation
11:55:16.776 Xcode[2091:52298] _XCT_testCaseDidFinishForTestClass:BandDiscovererTests.BandDiscovererTests method:testGetCityFromLocation withStatus:passed duration:0.001100003719329834
11:55:16.777 Xcode[2091:52298] _XCT_testCaseDidStartForTestClass:BandDiscovererTests.BandDiscovererTests method:testPerformanceExample
11:55:16.730 BandDiscoverer[1106:229327] -[XCTRunnerIDESession testCaseDidFinish:]
11:55:16.730 BandDiscoverer[1106:229327] -[XCTRunnerIDESession testCaseWillStart:] BandDiscovererTests.BandDiscovererTests testGetCityFromLocation
11:55:16.732 BandDiscoverer[1106:229327] -[XCTRunnerIDESession testCaseDidFinish:]
11:55:16.732 BandDiscoverer[1106:229327] -[XCTRunnerIDESession testCaseWillStart:] BandDiscovererTests.BandDiscovererTests testPerformanceExample
11:55:16.726 testmanagerd[1102:229395] _requestDTServiceHubConnection: Received an error from the deviceServiceConnection. 
2017-11-13 11:55:16.138831+0100 BandDiscoverer[1106:229327] [MC] Lazy loading NSBundle MobileCoreServices.framework
2017-11-13 11:55:16.140196+0100 BandDiscoverer[1106:229327] [MC] Loaded MobileCoreServices.framework
2017-11-13 11:55:16.161430+0100 BandDiscoverer[1106:229327] [MC] System group container for systemgroup.com.apple.configurationprofiles path is /private/var/containers/Shared/SystemGroup/systemgroup.com.apple.configurationprofiles
2017-11-13 11:55:16.322918+0100 BandDiscoverer[1106:229327] Could not inset legal attribution from corner 4
2017-11-13 11:55:16.361807+0100 BandDiscoverer[1106:229327] [LayoutConstraints] Unable to simultaneously satisfy constraints.
	Probably at least one of the constraints in the following list is one you don't want. 
	Try this: 
		(1) look at each constraint and try to figure out which you don't expect; 
		(2) find the code that added the unwanted constraint or constraints and fix it. 
(
    "<NSLayoutConstraint:0x1c02877b0 UIView:0x15fb0c3c0.height == 80   (active)>",
    "<NSLayoutConstraint:0x1c409cbb0 UIView:0x15de0ca80.height == 80   (active)>",
    "<NSLayoutConstraint:0x1c409cde0 UIView:0x15fc773a0.height == 20   (active)>",
    "<NSLayoutConstraint:0x1c4088020 MKMapView:0x15e811a00.height == 510   (active)>",
    "<NSLayoutConstraint:0x1c409ce30 V:|-(0)-[UIView:0x15fc773a0]   (active, names: '|':UIView:0x15fc771c0 )>",
    "<NSLayoutConstraint:0x1c409cf20 V:[MKMapView:0x15e811a00]-(0)-|   (active, names: '|':UIView:0x15fc771c0 )>",
    "<NSLayoutConstraint:0x1c409cf70 V:[UIView:0x15fc773a0]-(0)-[MKMapView:0x15e811a00]   (active)>",
    "<NSLayoutConstraint:0x1c409d100 UIStackView:0x15fb0bdc0.height == 810   (active)>",
    "<NSLayoutConstraint:0x1c0091a80 'UISV-canvas-connection' UIStackView:0x15fb0bdc0.top == UIView:0x15fb0c3c0.top   (active)>",
    "<NSLayoutConstraint:0x1c0091ad0 'UISV-canvas-connection' V:[UIView:0x15fc771c0]-(0)-|   (active, names: '|':UIStackView:0x15fb0bdc0 )>",
    "<NSLayoutConstraint:0x1c0281310 'UISV-spacing' V:[UIView:0x15fb0c3c0]-(0)-[UIView:0x15de0ca80]   (active)>",
    "<NSLayoutConstraint:0x1c0281360 'UISV-spacing' V:[UIView:0x15de0ca80]-(0)-[UIView:0x15fc771c0]   (active)>"
)

Will attempt to recover by breaking constraint 
<NSLayoutConstraint:0x1c4088020 MKMapView:0x15e811a00.height == 510   (active)>

Make a symbolic breakpoint at UIViewAlertForUnsatisfiableConstraints to catch this in the debugger.
The methods in the UIConstraintBasedLayoutDebugging category on UIView listed in <UIKit/UIView.h> may also be helpful.
2017-11-13 11:55:16.419003+0100 BandDiscoverer[1106:229327] refreshPreferences: HangTracerEnabled: 1
2017-11-13 11:55:16.419060+0100 BandDiscoverer[1106:229327] refreshPreferences: HangTracerDuration: 500
2017-11-13 11:55:16.419076+0100 BandDiscoverer[1106:229327] refreshPreferences: ActivationLoggingEnabled: 0 ActivationLoggingTaskedOffByDA:0
Test Suite 'Selected tests' started at 2017-11-13 11:55:16.720
Test Suite 'BandDiscovererTests.xctest' started at 2017-11-13 11:55:16.721
Test Suite 'BandDiscovererTests' started at 2017-11-13 11:55:16.721
Test Case '-[BandDiscovererTests.BandDiscovererTests testExample]' started.
Test Case '-[BandDiscovererTests.BandDiscovererTests testExample]' passed (0.009 seconds).
Test Case '-[BandDiscovererTests.BandDiscovererTests testGetCityFromLocation]' started.
Test Case '-[BandDiscovererTests.BandDiscovererTests testGetCityFromLocation]' passed (0.001 seconds).
Test Case '-[BandDiscovererTests.BandDiscovererTests testPerformanceExample]' started.
11:55:16.787 Xcode[2091:117164] <IDETestOperationCoordinator: 0x7fa4b5100000>: parseConsoleOutputFromOriginalOutput: called, 659 bytes written out to StandardOutputAndStandardError
11:55:16.839 Xcode[2091:117164] <IDETestOperationCoordinator: 0x7fa4b5100000>: parseConsoleOutputFromOriginalOutput: called, 593 bytes written out to StandardOutputAndStandardError
11:55:16.840 Xcode[2091:117164] <IDETestOperationCoordinator: 0x7fa4b5100000>: parseConsoleOutputFromOriginalOutput: called, 256 bytes written out to StandardOutputAndStandardError
Optional([AnyHashable("Street"): 38-20 Review Ave, AnyHashable("Country"): United States, AnyHashable("State"): NY, AnyHashable("PostCodeExtension"): 2032, AnyHashable("ZIP"): 11010, AnyHashable("SubThoroughfare"): 38-20, AnyHashable("Name"): 38-20 Review Ave, AnyHashable("Thoroughfare"): Review Ave, AnyHashable("SubAdministrativeArea"): Queens, AnyHashable("FormattedAddressLines"): <__NSArrayM 0x1c5c46b70>(
38-20 Review Ave,
Long Island City, NY  11010,
United States
)
, AnyHashable("City"): New York, AnyHashable("CountryCode"): US, AnyHashable("SubLocality"): Queens])
New York
/Users/Koen/Documents/Development/FollowYourFavouriteArtists/BandDiscovererTests/BandDiscovererTests.swift:48: error: -[BandDiscovererTests.BandDiscovererTests testPerformanceExample] : XCTAssertEqual failed: ("New York") is not equal to ("Eindhoven") - Score computed from guess is wrong
11:55:16.840 Xcode[2091:117164] <IDETestOperationCoordinator: 0x7fa4b5100000>: parseConsoleOutputFromOriginalOutput: called, 34 bytes written out to StandardOutputAndStandardError
11:55:16.841 Xcode[2091:52298] _XCT_testCaseDidFailForTestClass:BandDiscovererTests.BandDiscovererTests method:testPerformanceExample withMessage:XCTAssertEqual failed: ("New York") is not equal to ("Eindhoven") - Score computed from guess is wrong file:/Users/Koen/Documents/Development/FollowYourFavouriteArtists/BandDiscovererTests/BandDiscovererTests.swift line:48
11:55:16.799 BandDiscoverer[1106:229327] -[XCTRunnerIDESession testCase:didFailWithDescription:inFile:atLine:]
11:55:16.799 BandDiscoverer[1106:229327] -[BandDiscovererTests testPerformanceExample] started activity <XCActivityRecord: 0x1c069d740> 2017-11-13 10:55:16 +0000: Assertion Failure: BandDiscovererTests.swift:48: XCTAssertEqual failed: ("New York") is not equal to ("Eindhoven") - Score computed from guess is wrong
11:55:16.843 Xcode[2091:52298] -[BandDiscovererTests.BandDiscovererTests testPerformanceExample] will start activity 2C32A4F6-1945-472B-B999-F069B166D9ED:'Assertion Failure: BandDiscovererTests.swift:48: XCTAssertEqual failed: ("New York") is not equal to ("Eindhoven") - Score computed from guess is wrong'
11:55:16.843 Xcode[2091:52298] -[BandDiscovererTests.BandDiscovererTests testPerformanceExample] did finish activity 2C32A4F6-1945-472B-B999-F069B166D9ED:'Assertion Failure: BandDiscovererTests.swift:48: XCTAssertEqual failed: ("New York") is not equal to ("Eindhoven") - Score computed from guess is wrong'
11:55:16.800 BandDiscoverer[1106:229327] -[BandDiscovererTests testPerformanceExample] finished activity <XCActivityRecord: 0x1c069d740> 2017-11-13 10:55:16 +0000: Assertion Failure: BandDiscovererTests.swift:48: XCTAssertEqual failed: ("New York") is not equal to ("Eindhoven") - Score computed from guess is wrong (0.00050205s)
11:55:17.125 Xcode[2091:117164] <IDETestOperationCoordinator: 0x7fa4b5100000>: parseConsoleOutputFromOriginalOutput: called, 426 bytes written out to StandardOutputAndStandardError
11:55:17.499 BandDiscoverer[1106:229327] -[BandDiscovererTests testPerformanceExample] started activity <XCActivityRecord: 0x1c069f860> 2017-11-13 10:55:17 +0000: Assertion Failure: BandDiscovererTests.swift:37: failed: caught "NSInternalInconsistencyException", "Performance Metrics must provide 10 measurements."
(
	0   CoreFoundation                      0x00000001814e9cf4 <redacted> + 148
	1   libobjc.A.dylib                     0x0000000180738528 objc_exception_throw + 56
	2   CoreFoundation                      0x00000001814e9bb0 <redacted> + 0
	3   Foundation                          0x0000000181e78c24 <redacted> + 112
	4   XCTest                              0x000000010124af34 +[XCTestLog _messageForTest:didMeasureValues:forPerformanceMetricID:name:unitsOfMeasurement:baselineName:baselineAverage:maxPercentRegression:maxPercentRelativeStandardDeviation:maxRegression:maxStandardDeviation:file:line:] + 1632
	5   XCTest                              0x000000010124b060 -[XCTestLog _testCase:didMeasureValues:forPerformanceMetricID:name:unitsOfMeasurement:baselineName:baselineAverage:maxPercentRegression:maxPercentRelativeStandardDeviation:maxRegression:maxStandardDeviation:file:line:] + 144
	6   XCTest                              0x000000010121fcd4 -[XCTestObservationCenter _testCase:didMeasureValues:forPerformanceMetricID:name:unitsOfMeasurement:baselineName:baselineAverage:maxPercentRegression:maxPercentRelativeStandardDeviation:maxRegression:maxStandardDeviation:file:line:] + 424
	7   XCTest                              0x0000000101208ae8 -[XCTestCaseRun _recordValues:forPerformanceMetricID:name:unitsOfMeasurement:baselineName:baselineAverage:maxPercentRegression:maxPercentRelativeStandardDeviation:maxRegression:maxStandardDeviation:file:line:] + 136
	8   XCTest                              0x00000001012130e8 -[XCTestCase reportMetric:reportFailures:] + 2484
	9   XCTest                              0x0000000101214898 -[XCTestCase measureMetrics:automaticallyStartMeasuring:forBlock:] + 896
	10  BandDiscovererTests                 0x000000010167ab04 _T019BandDiscovererTestsAAC22testPerformanceExampleyyF + 172
	11  BandDiscovererTests                 0x000000010167ac10 _T019BandDiscovererTestsAAC22testPerformanceExampleyyFTo + 40
	12  CoreFoundation                      0x00000001814f1640 <redacted> + 144
	13  CoreFoundation                      0x00000001813d058c <redacted> + 292
	14  XCTest                              0x000000010120f908 __24-[XCTestCase invokeTest]_block_invoke.275 + 48
	15  XCTest                              0x000000010125caac -[XCTMemoryChecker _assertInvalidObjectsDeallocatedAfterScope:] + 56
	16  XCTest                              0x000000010120f6b8 __24-[XCTestCase invokeTest]_block_invoke + 680
	17  XCTest                              0x000000010125527c -[XCUITestContext performInScope:] + 208
	18  XCTest                              0x000000010120f400 -[XCTestCase invokeTest] + 136
	19  XCTest                              0x00000001012104d8 __26-[XCTestCase performTest:]_block_invoke.382 + 48
	20  XCTest                              0x000000010125a31c +[XCTContext runInContextForTestCase:block:] + 164
	21  XCTest                              0x000000010120fed4 -[XCTestCase performTest:] + 596
	22  XCTest                              0x000000010120c0c8 __27-[XCTestSuite performTest:]_block_invoke + 288
	23  XCTest                              0x000000010120baf0 -[XCTestSuite _performProtectedSectionForTest:testSection:] + 44
	24  XCTest                              0x000000010120bd00 -[XCTestSuite performTest:] + 236
	25  XCTest                              0x000000010120c0c8 __27-[XCTestSuite performTest:]_block_invoke + 288
	26  XCTest                              0x000000010120baf0 -[XCTestSuite _performProtectedSectionForTest:testSection:] + 44
	27  XCTest                              0x000000010120bd00 -[XCTestSuite performTest:] + 236
	28  XCTest                              0x000000010120c0c8 __27-[XCTestSuite performTest:]_block_invoke + 288
	29  XCTest                              0x000000010120baf0 -[XCTestSuite _performProtectedSectionForTest:testSection:] + 44
	30  XCTest                              0x000000010120bd00 -[XCTestSuite performTest:] + 236
	31  XCTest                              0x0000000101263d28 __44-[XCTTestRunSession runTestsAndReturnError:]_block_invoke + 44
	32  XCTest                              0x000000010121ec48 -[XCTestObservationCenter _observeTestExecutionForBlock:] + 420
	33  XCTest                              0x0000000101263ba4 -[XCTTestRunSession runTestsAndReturnError:] + 292
	34  XCTest                              0x00000001011fb730 -[XCTestDriver runTestsAndReturnError:] + 312
	35  XCTest                              0x00000001012594c4 _XCTestMain + 620
	36  CoreFoundation                      0x00000001814920d4 <redacted> + 20
	37  CoreFoundation                      0x00000001814919a4 <redacted> + 288
	38  CoreFoundation                      0x000000018148f6b4 <redacted> + 1068
	39  CoreFoundation                      0x00000001813afe78 CFRunLoopRunSpecific + 436
	40  GraphicsServices                    0x0000000183244f84 GSEventRunModal + 100
	41  UIKit                               0x000000018b1520bc UIApplicationMain + 208
	42  BandDiscoverer                      0x00000001000f0450 main + 76
	43  libdyld.dylib                       0x0000000180ed256c <redacted> + 4
)
11:55:17.542 Xcode[2091:52298] -[BandDiscovererTests.BandDiscovererTests testPerformanceExample] will start activity 4EB4A3A6-AEA7-49B6-B173-7B6BEBD5F2B1:'Assertion Failure: BandDiscovererTests.swift:37: failed: caught "NSInternalInconsistencyException", "Performance Metrics must provide 10 measurements."
(
	0   CoreFoundation                      0x00000001814e9cf4 <redacted> + 148
	1   libobjc.A.dylib                     0x0000000180738528 objc_exception_throw + 56
	2   CoreFoundation                      0x00000001814e9bb0 <redacted> + 0
	3   Foundation                          0x0000000181e78c24 <redacted> + 112
	4   XCTest                              0x000000010124af34 +[XCTestLog _messageForTest:didMeasureValues:forPerformanceMetricID:name:unitsOfMeasurement:baselineName:baselineAverage:maxPercentRegression:maxPercentRelativeStandardDeviation:maxRegression:maxStandardDeviation:file:line:] + 1632
	5   XCTest                              0x000000010124b060 -[XCTestLog _testCase:didMeasureValues:forPerformanceMetricID:name:unitsOfMeasurement:baselineName:baselineAverage:maxPercentRegression:maxPercentRelativeStandardDeviation:maxRegression:maxStandardDeviation:file:line:] + 144
	6   XCTest                              0x000000010121fcd4 -[XCTestObservationCenter _testCase:didMeasureValues:forPerformanceMetricID:name:unitsOfMeasurement:baselineName:baselineAverage:maxPercentRegression:maxPercentRelativeStandardDeviation:maxRegression:maxStandardDeviation:file:line:] + 424
	7   XCTest                              0x0000000101208ae8 -[XCTestCaseRun _recordValues:forPerformanceMetricID:name:unitsOfMeasurement:baselineName:baselineAverage:maxPercentRegression:maxPercentRelativeStandardDeviation:maxRegression:maxStandardDeviation:file:line:] + 136
	8   XCTest                              0x00000001012130e8 -[XCTestCase reportMetric:reportFailures:] + 2484
	9   XCTest                              0x0000000101214898 -[XCTestCase measureMetrics:automaticallyStartMeasuring:forBlock:] + 896
	10  BandDiscovererTests                 0x000000010167ab04 _T019BandDiscovererTestsAAC22testPerformanceExampleyyF + 172
	11  BandDiscovererTests                 0x000000010167ac10 _T019BandDiscovererTestsAAC22testPerformanceExampleyyFTo + 40
	12  CoreFoundation                      0x00000001814f1640 <redacted> + 144
	13  CoreFoundation                      0x00000001813d058c <redacted> + 292
	14  XCTest                              0x000000010120f908 __24-[XCTestCase invokeTest]_block_invoke.275 + 48
	15  XCTest                              0x000000010125caac -[XCTMemoryChecker _assertInvalidObjectsDeallocatedAfterScope:] + 56
	16  XCTest                              0x000000010120f6b8 __24-[XCTestCase invokeTest]_block_invoke + 680
	17  XCTest                              0x000000010125527c -[XCUITestContext performInScope:] + 208
	18  XCTest                              0x000000010120f400 -[XCTestCase invokeTest] + 136
	19  XCTest                              0x00000001012104d8 __26-[XCTestCase performTest:]_block_invoke.382 + 48
	20  XCTest                              0x000000010125a31c +[XCTContext runInContextForTestCase:block:] + 164
	21  XCTest                              0x000000010120fed4 -[XCTestCase performTest:] + 596
	22  XCTest                              0x000000010120c0c8 __27-[XCTestSuite performTest:]_block_invoke + 288
	23  XCTest                              0x000000010120baf0 -[XCTestSuite _performProtectedSectionForTest:testSection:] + 44
	24  XCTest                              0x000000010120bd00 -[XCTestSuite performTest:] + 236
	25  XCTest                              0x000000010120c0c8 __27-[XCTestSuite performTest:]_block_invoke + 288
	26  XCTest                              0x000000010120baf0 -[XCTestSuite _performProtectedSectionForTest:testSection:] + 44
	27  XCTest                              0x000000010120bd00 -[XCTestSuite performTest:] + 236
	28  XCTest                              0x000000010120c0c8 __27-[XCTestSuite performTest:]_block_invoke + 288
	29  XCTest                              0x000000010120baf0 -[XCTestSuite _performProtectedSectionForTest:testSection:] + 44
	30  XCTest                              0x000000010120bd00 -[XCTestSuite performTest:] + 236
	31  XCTest                              0x0000000101263d28 __44-[XCTTestRunSession runTestsAndReturnError:]_block_invoke + 44
	32  XCTest                              0x000000010121ec48 -[XCTestObservationCenter _observeTestExecutionForBlock:] + 420
	33  XCTest                              0x0000000101263ba4 -[XCTTestRunSession runTestsAndReturnError:] + 292
	34  XCTest                              0x00000001011fb730 -[XCTestDriver runTestsAndReturnError:] + 312
	35  XCTest                              0x00000001012594c4 _XCTestMain + 620
	36  CoreFoundation                      0x00000001814920d4 <redacted> + 20
	37  CoreFoundation                      0x00000001814919a4 <redacted> + 288
	38  CoreFoundation                      0x000000018148f6b4 <redacted> + 1068
	39  CoreFoundation                      0x00000001813afe78 CFRunLoopRunSpecific + 436
	40  GraphicsServices                    0x0000000183244f84 GSEventRunModal + 100
	41  UIKit                               0x000000018b1520bc UIApplicationMain + 208
	42  BandDiscoverer                      0x00000001000f0450 main + 76
	43  libdyld.dylib                       0x0000000180ed256c <redacted> + 4
)'
11:55:17.500 BandDiscoverer[1106:229327] -[BandDiscovererTests testPerformanceExample] finished activity <XCActivityRecord: 0x1c069f860> 2017-11-13 10:55:17 +0000: Assertion Failure: BandDiscovererTests.swift:37: failed: caught "NSInternalInconsistencyException", "Performance Metrics must provide 10 measurements."
(
	0   CoreFoundation                      0x00000001814e9cf4 <redacted> + 148
	1   libobjc.A.dylib                     0x0000000180738528 objc_exception_throw + 56
	2   CoreFoundation                      0x00000001814e9bb0 <redacted> + 0
	3   Foundation                          0x0000000181e78c24 <redacted> + 112
	4   XCTest                              0x000000010124af34 +[XCTestLog _messageForTest:didMeasureValues:forPerformanceMetricID:name:unitsOfMeasurement:baselineName:baselineAverage:maxPercentRegression:maxPercentRelativeStandardDeviation:maxRegression:maxStandardDeviation:file:line:] + 1632
	5   XCTest                              0x000000010124b060 -[XCTestLog _testCase:didMeasureValues:forPerformanceMetricID:name:unitsOfMeasurement:baselineName:baselineAverage:maxPercentRegression:maxPercentRelativeStandardDeviation:maxRegression:maxStandardDeviation:file:line:] + 144
	6   XCTest                              0x000000010121fcd4 -[XCTestObservationCenter _testCase:didMeasureValues:forPerformanceMetricID:name:unitsOfMeasurement:baselineName:baselineAverage:maxPercentRegression:maxPercentRelativeStandardDeviation:maxRegression:maxStandardDeviation:file:line:] + 424
	7   XCTest                              0x0000000101208ae8 -[XCTestCaseRun _recordValues:forPerformanceMetricID:name:unitsOfMeasurement:baselineName:baselineAverage:maxPercentRegression:maxPercentRelativeStandardDeviation:maxRegression:maxStandardDeviation:file:line:] + 136
	8   XCTest                              0x00000001012130e8 -[XCTestCase reportMetric:reportFailures:] + 2484
	9   XCTest                              0x0000000101214898 -[XCTestCase measureMetrics:automaticallyStartMeasuring:forBlock:] + 896
	10  BandDiscovererTests                 0x000000010167ab04 _T019BandDiscovererTestsAAC22testPerformanceExampleyyF + 172
	11  BandDiscovererTests                 0x000000010167ac10 _T019BandDiscovererTestsAAC22testPerformanceExampleyyFTo + 40
	12  CoreFoundation                      0x00000001814f1640 <redacted> + 144
	13  CoreFoundation                      0x00000001813d058c <redacted> + 292
	14  XCTest                              0x000000010120f908 __24-[XCTestCase invokeTest]_block_invoke.275 + 48
	15  XCTest                              0x000000010125caac -[XCTMemoryChecker _assertInvalidObjectsDeallocatedAfterScope:] + 56
	16  XCTest                              0x000000010120f6b8 __24-[XCTestCase invokeTest]_block_invoke + 680
	17  XCTest                              0x000000010125527c -[XCUITestContext performInScope:] + 208
	18  XCTest                              0x000000010120f400 -[XCTestCase invokeTest] + 136
	19  XCTest                              0x00000001012104d8 __26-[XCTestCase performTest:]_block_invoke.382 + 48
	20  XCTest                              0x000000010125a31c +[XCTContext runInContextForTestCase:block:] + 164
	21  XCTest                              0x000000010120fed4 -[XCTestCase performTest:] + 596
	22  XCTest                              0x000000010120c0c8 __27-[XCTestSuite performTest:]_block_invoke + 288
	23  XCTest                              0x000000010120baf0 -[XCTestSuite _performProtectedSectionForTest:testSection:] + 44
	24  XCTest                              0x000000010120bd00 -[XCTestSuite performTest:] + 236
	25  XCTest                              0x000000010120c0c8 __27-[XCTestSuite performTest:]_block_invoke + 288
	26  XCTest                              0x000000010120baf0 -[XCTestSuite _performProtectedSectionForTest:testSection:] + 44
	27  XCTest                              0x000000010120bd00 -[XCTestSuite performTest:] + 236
	28  XCTest                              0x000000010120c0c8 __27-[XCTestSuite performTest:]_block_invoke + 288
	29  XCTest                              0x000000010120baf0 -[XCTestSuite _performProtectedSectionForTest:testSection:] + 44
	30  XCTest                              0x000000010120bd00 -[XCTestSuite performTest:] + 236
	31  XCTest                              0x0000000101263d28 __44-[XCTTestRunSession runTestsAndReturnError:]_block_invoke + 44
	32  XCTest                              0x000000010121ec48 -[XCTestObservationCenter _observeTestExecutionForBlock:] + 420
	33  XCTest                              0x0000000101263ba4 -[XCTTestRunSession runTestsAndReturnError:] + 292
	34  XCTest                              0x00000001011fb730 -[XCTestDriver runTestsAndReturnError:] + 312
	35  XCTest                              0x00000001012594c4 _XCTestMain + 620
	36  CoreFoundation                      0x00000001814920d4 <redacted> + 20
	37  CoreFoundation                      0x00000001814919a4 <redacted> + 288
	38  CoreFoundation                      0x000000018148f6b4 <redacted> + 1068
	39  CoreFoundation                      0x00000001813afe78 CFRunLoopRunSpecific + 436
	40  GraphicsServices                    0x0000000183244f84 GSEventRunModal + 100
	41  UIKit                               0x000000018b1520bc UIApplicationMain + 208
	42  BandDiscoverer                      0x00000001000f0450 main + 76
	43  libdyld.dylib                       0x0000000180ed256c <redacted> + 4
) (0.00133902s)
11:55:17.544 Xcode[2091:52298] -[BandDiscovererTests.BandDiscovererTests testPerformanceExample] did finish activity 4EB4A3A6-AEA7-49B6-B173-7B6BEBD5F2B1:'Assertion Failure: BandDiscovererTests.swift:37: failed: caught "NSInternalInconsistencyException", "Performance Metrics must provide 10 measurements."
(
	0   CoreFoundation                      0x00000001814e9cf4 <redacted> + 148
	1   libobjc.A.dylib                     0x0000000180738528 objc_exception_throw + 56
	2   CoreFoundation                      0x00000001814e9bb0 <redacted> + 0
	3   Foundation                          0x0000000181e78c24 <redacted> + 112
	4   XCTest                              0x000000010124af34 +[XCTestLog _messageForTest:didMeasureValues:forPerformanceMetricID:name:unitsOfMeasurement:baselineName:baselineAverage:maxPercentRegression:maxPercentRelativeStandardDeviation:maxRegression:maxStandardDeviation:file:line:] + 1632
	5   XCTest                              0x000000010124b060 -[XCTestLog _testCase:didMeasureValues:forPerformanceMetricID:name:unitsOfMeasurement:baselineName:baselineAverage:maxPercentRegression:maxPercentRelativeStandardDeviation:maxRegression:maxStandardDeviation:file:line:] + 144
	6   XCTest                              0x000000010121fcd4 -[XCTestObservationCenter _testCase:didMeasureValues:forPerformanceMetricID:name:unitsOfMeasurement:baselineName:baselineAverage:maxPercentRegression:maxPercentRelativeStandardDeviation:maxRegression:maxStandardDeviation:file:line:] + 424
	7   XCTest                              0x0000000101208ae8 -[XCTestCaseRun _recordValues:forPerformanceMetricID:name:unitsOfMeasurement:baselineName:baselineAverage:maxPercentRegression:maxPercentRelativeStandardDeviation:maxRegression:maxStandardDeviation:file:line:] + 136
	8   XCTest                              0x00000001012130e8 -[XCTestCase reportMetric:reportFailures:] + 2484
	9   XCTest                              0x0000000101214898 -[XCTestCase measureMetrics:automaticallyStartMeasuring:forBlock:] + 896
	10  BandDiscovererTests                 0x000000010167ab04 _T019BandDiscovererTestsAAC22testPerformanceExampleyyF + 172
	11  BandDiscovererTests                 0x000000010167ac10 _T019BandDiscovererTestsAAC22testPerformanceExampleyyFTo + 40
	12  CoreFoundation                      0x00000001814f1640 <redacted> + 144
	13  CoreFoundation                      0x00000001813d058c <redacted> + 292
	14  XCTest                              0x000000010120f908 __24-[XCTestCase invokeTest]_block_invoke.275 + 48
	15  XCTest                              0x000000010125caac -[XCTMemoryChecker _assertInvalidObjectsDeallocatedAfterScope:] + 56
	16  XCTest                              0x000000010120f6b8 __24-[XCTestCase invokeTest]_block_invoke + 680
	17  XCTest                              0x000000010125527c -[XCUITestContext performInScope:] + 208
	18  XCTest                              0x000000010120f400 -[XCTestCase invokeTest] + 136
	19  XCTest                              0x00000001012104d8 __26-[XCTestCase performTest:]_block_invoke.382 + 48
	20  XCTest                              0x000000010125a31c +[XCTContext runInContextForTestCase:block:] + 164
	21  XCTest                              0x000000010120fed4 -[XCTestCase performTest:] + 596
	22  XCTest                              0x000000010120c0c8 __27-[XCTestSuite performTest:]_block_invoke + 288
	23  XCTest                              0x000000010120baf0 -[XCTestSuite _performProtectedSectionForTest:testSection:] + 44
	24  XCTest                              0x000000010120bd00 -[XCTestSuite performTest:] + 236
	25  XCTest                              0x000000010120c0c8 __27-[XCTestSuite performTest:]_block_invoke + 288
	26  XCTest                              0x000000010120baf0 -[XCTestSuite _performProtectedSectionForTest:testSection:] + 44
	27  XCTest                              0x000000010120bd00 -[XCTestSuite performTest:] + 236
	28  XCTest                              0x000000010120c0c8 __27-[XCTestSuite performTest:]_block_invoke + 288
	29  XCTest                              0x000000010120baf0 -[XCTestSuite _performProtectedSectionForTest:testSection:] + 44
	30  XCTest                              0x000000010120bd00 -[XCTestSuite performTest:] + 236
	31  XCTest                              0x0000000101263d28 __44-[XCTTestRunSession runTestsAndReturnError:]_block_invoke + 44
	32  XCTest                              0x000000010121ec48 -[XCTestObservationCenter _observeTestExecutionForBlock:] + 420
	33  XCTest                              0x0000000101263ba4 -[XCTTestRunSession runTestsAndReturnError:] + 292
	34  XCTest                              0x00000001011fb730 -[XCTestDriver runTestsAndReturnError:] + 312
	35  XCTest                              0x00000001012594c4 _XCTestMain + 620
	36  CoreFoundation                      0x00000001814920d4 <redacted> + 20
	37  CoreFoundation                      0x00000001814919a4 <redacted> + 288
	38  CoreFoundation                      0x000000018148f6b4 <redacted> + 1068
	39  CoreFoundation                      0x00000001813afe78 CFRunLoopRunSpecific + 436
	40  GraphicsServices                    0x0000000183244f84 GSEventRunModal + 100
	41  UIKit                               0x000000018b1520bc UIApplicationMain + 208
	42  BandDiscoverer                      0x00000001000f0450 main + 76
	43  libdyld.dylib                       0x0000000180ed256c <redacted> + 4
)'
11:55:17.544 Xcode[2091:117164] <IDETestOperationCoordinator: 0x7fa4b5100000>: parseConsoleOutputFromOriginalOutput: called, 512 bytes written out to StandardOutputAndStandardError
11:55:17.546 Xcode[2091:117164] <IDETestOperationCoordinator: 0x7fa4b5100000>: parseConsoleOutputFromOriginalOutput: called, 512 bytes written out to StandardOutputAndStandardError
11:55:17.547 Xcode[2091:117164] <IDETestOperationCoordinator: 0x7fa4b5100000>: parseConsoleOutputFromOriginalOutput: called, 254 bytes written out to StandardOutputAndStandardError
11:55:17.547 Xcode[2091:117164] <IDETestOperationCoordinator: 0x7fa4b5100000>: parseConsoleOutputFromOriginalOutput: called, 258 bytes written out to StandardOutputAndStandardError
11:55:17.548 Xcode[2091:117164] <IDETestOperationCoordinator: 0x7fa4b5100000>: parseConsoleOutputFromOriginalOutput: called, 256 bytes written out to StandardOutputAndStandardError
11:55:17.548 Xcode[2091:117164] <IDETestOperationCoordinator: 0x7fa4b5100000>: parseConsoleOutputFromOriginalOutput: called, 256 bytes written out to StandardOutputAndStandardError
11:55:17.548 Xcode[2091:117164] <IDETestOperationCoordinator: 0x7fa4b5100000>: parseConsoleOutputFromOriginalOutput: called, 256 bytes written out to StandardOutputAndStandardError
11:55:17.549 Xcode[2091:117164] <IDETestOperationCoordinator: 0x7fa4b5100000>: parseConsoleOutputFromOriginalOutput: called, 256 bytes written out to StandardOutputAndStandardError
11:55:17.549 Xcode[2091:117164] <IDETestOperationCoordinator: 0x7fa4b5100000>: parseConsoleOutputFromOriginalOutput: called, 256 bytes written out to StandardOutputAndStandardError
11:55:17.550 Xcode[2091:117164] <IDETestOperationCoordinator: 0x7fa4b5100000>: parseConsoleOutputFromOriginalOutput: called, 256 bytes written out to StandardOutputAndStandardError
11:55:17.550 Xcode[2091:117164] <IDETestOperationCoordinator: 0x7fa4b5100000>: parseConsoleOutputFromOriginalOutput: called, 256 bytes written out to StandardOutputAndStandardError
11:55:17.551 Xcode[2091:117164] <IDETestOperationCoordinator: 0x7fa4b5100000>: parseConsoleOutputFromOriginalOutput: called, 251 bytes written out to StandardOutputAndStandardError
11:55:17.551 Xcode[2091:117164] <IDETestOperationCoordinator: 0x7fa4b5100000>: parseConsoleOutputFromOriginalOutput: called, 261 bytes written out to StandardOutputAndStandardError
11:55:17.552 Xcode[2091:117164] <IDETestOperationCoordinator: 0x7fa4b5100000>: parseConsoleOutputFromOriginalOutput: called, 252 bytes written out to StandardOutputAndStandardError
11:55:17.555 Xcode[2091:52298] _XCT_testCaseDidFailForTestClass:BandDiscovererTests.BandDiscovererTests method:testPerformanceExample withMessage:failed: caught "NSInternalInconsistencyException", "Performance Metrics must provide 10 measurements."
(
	0   CoreFoundation                      0x00000001814e9cf4 <redacted> + 148
	1   libobjc.A.dylib                     0x0000000180738528 objc_exception_throw + 56
	2   CoreFoundation                      0x00000001814e9bb0 <redacted> + 0
	3   Foundation                          0x0000000181e78c24 <redacted> + 112
	4   XCTest                              0x000000010124af34 +[XCTestLog _messageForTest:didMeasureValues:forPerformanceMetricID:name:unitsOfMeasurement:baselineName:baselineAverage:maxPercentRegression:maxPercentRelativeStandardDeviation:maxRegression:maxStandardDeviation:file:line:] + 1632
	5   XCTest                              0x000000010124b060 -[XCTestLog _testCase:didMeasureValues:forPerformanceMetricID:name:unitsOfMeasurement:baselineName:baselineAverage:maxPercentRegression:maxPercentRelativeStandardDeviation:maxRegression:maxStandardDeviation:file:line:] + 144
	6   XCTest                              0x000000010121fcd4 -[XCTestObservationCenter _testCase:didMeasureValues:forPerformanceMetricID:name:unitsOfMeasurement:baselineName:baselineAverage:maxPercentRegression:maxPercentRelativeStandardDeviation:maxRegression:maxStandardDeviation:file:line:] + 424
	7   XCTest                              0x0000000101208ae8 -[XCTestCaseRun _recordValues:forPerformanceMetricID:name:unitsOfMeasurement:baselineName:baselineAverage:maxPercentRegression:maxPercentRelativeStandardDeviation:maxRegression:maxStandardDeviation:file:line:] + 136
	8   XCTest                              0x00000001012130e8 -[XCTestCase reportMetric:reportFailures:] + 2484
	9   XCTest                              0x0000000101214898 -[XCTestCase measureMetrics:automaticallyStartMeasuring:forBlock:] + 896
	10  BandDiscovererTests                 0x000000010167ab04 _T019BandDiscovererTestsAAC22testPerformanceExampleyyF + 172
	11  BandDiscovererTests                 0x000000010167ac10 _T019BandDiscovererTestsAAC22testPerformanceExampleyyFTo + 40
	12  CoreFoundation                      0x00000001814f1640 <redacted> + 144
	13  CoreFoundation                      0x00000001813d058c <redacted> + 292
	14  XCTest                              0x000000010120f908 __24-[XCTestCase invokeTest]_block_invoke.275 + 48
	15  XCTest                              0x000000010125caac -[XCTMemoryChecker _assertInvalidObjectsDeallocatedAfterScope:] + 56
	16  XCTest                              0x000000010120f6b8 __24-[XCTestCase invokeTest]_block_invoke + 680
	17  XCTest                              0x000000010125527c -[XCUITestContext performInScope:] + 208
	18  XCTest                              0x000000010120f400 -[XCTestCase invokeTest] + 136
	19  XCTest                              0x00000001012104d8 __26-[XCTestCase performTest:]_block_invoke.382 + 48
	20  XCTest                              0x000000010125a31c +[XCTContext runInContextForTestCase:block:] + 164
	21  XCTest                              0x000000010120fed4 -[XCTestCase performTest:] + 596
	22  XCTest                              0x000000010120c0c8 __27-[XCTestSuite performTest:]_block_invoke + 288
	23  XCTest                              0x000000010120baf0 -[XCTestSuite _performProtectedSectionForTest:testSection:] + 44
	24  XCTest                              0x000000010120bd00 -[XCTestSuite performTest:] + 236
	25  XCTest                              0x000000010120c0c8 __27-[XCTestSuite performTest:]_block_invoke + 288
	26  XCTest                              0x000000010120baf0 -[XCTestSuite _performProtectedSectionForTest:testSection:] + 44
	27  XCTest                              0x000000010120bd00 -[XCTestSuite performTest:] + 236
	28  XCTest                              0x000000010120c0c8 __27-[XCTestSuite performTest:]_block_invoke + 288
	29  XCTest                              0x000000010120baf0 -[XCTestSuite _performProtectedSectionForTest:testSection:] + 44
	30  XCTest                              0x000000010120bd00 -[XCTestSuite performTest:] + 236
	31  XCTest                              0x0000000101263d28 __44-[XCTTestRunSession runTestsAndReturnError:]_block_invoke + 44
	32  XCTest                              0x000000010121ec48 -[XCTestObservationCenter _observeTestExecutionForBlock:] + 420
	33  XCTest                              0x0000000101263ba4 -[XCTTestRunSession runTestsAndReturnError:] + 292
	34  XCTest                              0x00000001011fb730 -[XCTestDriver runTestsAndReturnError:] + 312
	35  XCTest                              0x00000001012594c4 _XCTestMain + 620
	36  CoreFoundation                      0x00000001814920d4 <redacted> + 20
	37  CoreFoundation                      0x00000001814919a4 <redacted> + 288
	38  CoreFoundation                      0x000000018148f6b4 <redacted> + 1068
	39  CoreFoundation                      0x00000001813afe78 CFRunLoopRunSpecific + 436
	40  GraphicsServices                    0x0000000183244f84 GSEventRunModal + 100
	41  UIKit                               0x000000018b1520bc UIApplicationMain + 208
	42  BandDiscoverer                      0x00000001000f0450 main + 76
	43  libdyld.dylib                       0x0000000180ed256c <redacted> + 4
) file:/Users/Koen/Documents/Development/FollowYourFavouriteArtists/BandDiscovererTests/BandDiscovererTests.swift line:37
11:55:17.556 Xcode[2091:52298] _XCT_testCaseDidFinishForTestClass:BandDiscovererTests.BandDiscovererTests method:testPerformanceExample withStatus:failed duration:0.7741720080375671
11:55:17.561 Xcode[2091:52298] _XCT_testSuite:BandDiscovererTests didFinishAt:2017-11-13 10:55:17 +0000 runCount:3 withFailures:2 unexpected:1 testDuration:0.783827006816864 totalDuration:0.7858970165252686
11:55:17.561 Xcode[2091:52298] _XCT_testSuite:BandDiscovererTests.xctest didFinishAt:2017-11-13 10:55:17 +0000 runCount:3 withFailures:2 unexpected:1 testDuration:0.783827006816864 totalDuration:0.7878249883651733
11:55:17.562 Xcode[2091:52298] _XCT_testSuite:Selected tests didFinishAt:2017-11-13 10:55:17 +0000 runCount:3 withFailures:2 unexpected:1 testDuration:0.783827006816864 totalDuration:0.7901879549026489
11:55:17.504 BandDiscoverer[1106:229327] -[XCTRunnerIDESession testCase:didFailWithDescription:inFile:atLine:]
11:55:17.506 BandDiscoverer[1106:229327] -[XCTRunnerIDESession testCaseDidFinish:]
11:55:17.507 BandDiscoverer[1106:229327] -[XCTRunnerIDESession testSuiteDidFinish:]
11:55:17.509 BandDiscoverer[1106:229327] Activity statistics for BandDiscovererTests:
11:55:17.566 Xcode[2091:52298] -[XCTTestRunnerSession _XCT_didFinishExecutingTestPlan]_block_invoke
11:55:17.509 BandDiscoverer[1106:229327] 0.00s : Other
11:55:17.509 BandDiscoverer[1106:229327] Total time in activities: 0.00s
11:55:17.509 BandDiscoverer[1106:229327] -[XCTRunnerIDESession testSuiteDidFinish:]
11:55:17.510 BandDiscoverer[1106:229327] Activity statistics for BandDiscovererTests.xctest:
11:55:17.510 BandDiscoverer[1106:229327] 0.00s : Other
11:55:17.568 Xcode[2091:117164] <IDETestOperationCoordinator: 0x7fa4b5100000>: parseConsoleOutputFromOriginalOutput: called, 252 bytes written out to StandardOutputAndStandardError
11:55:17.510 BandDiscoverer[1106:229327] Total time in activities: 0.00s
11:55:17.568 Xcode[2091:117164] <IDETestOperationCoordinator: 0x7fa4b5100000>: parseConsoleOutputFromOriginalOutput: called, 260 bytes written out to StandardOutputAndStandardError
11:55:17.511 BandDiscoverer[1106:229327] -[XCTRunnerIDESession testSuiteDidFinish:]
11:55:17.569 Xcode[2091:117164] <IDETestOperationCoordinator: 0x7fa4b5100000>: parseConsoleOutputFromOriginalOutput: called, 256 bytes written out to StandardOutputAndStandardError
11:55:17.570 Xcode[2091:117164] <IDETestOperationCoordinator: 0x7fa4b5100000>: parseConsoleOutputFromOriginalOutput: called, 256 bytes written out to StandardOutputAndStandardError
11:55:17.512 BandDiscoverer[1106:229327] Activity statistics for Selected tests:
11:55:17.570 Xcode[2091:117164] <IDETestOperationCoordinator: 0x7fa4b5100000>: parseConsoleOutputFromOriginalOutput: called, 256 bytes written out to StandardOutputAndStandardError
2017-11-13 11:55:17.082162+0100 BandDiscoverer[1106:229327] *** Assertion failure in +[XCTestLog _messageForTest:didMeasureValues:forPerformanceMetricID:name:unitsOfMeasurement:baselineName:baselineAverage:maxPercentRegression:maxPercentRelativeStandardDeviation:maxRegression:maxStandardDeviation:file:line:], /Library/Caches/com.apple.xbs/Sources/XCTest_iOS/XCTest-13514/Sources/XCTestFramework/Observation/XCTestLog.m:151
/Users/Koen/Documents/Development/FollowYourFavouriteArtists/BandDiscovererTests/BandDiscovererTests.swift:37: error: -[BandDiscovererTests.BandDiscovererTests testPerformanceExample] : failed: caught "NSInternalInconsistencyException", "Performance Metrics must provide 10 measurements."
(
	0   CoreFoundation                      0x00000001814e9cf4 <redacted> + 148
	1   libobjc.A.dylib                     0x0000000180738528 objc_exception_throw + 56
	2   CoreFoundation                      0x00000001814e9bb0 <redacted> + 0
	3   Foundation                          0x0000000181e78c24 <redacted> + 112
	4   XCTest                              0x000000010124af34 +[XCTestLog _messageForTest:didMeasureValues:forPerformanceMetricID:name:unitsOfMeasurement:baselineName:baselineAverage:maxPercentRegression:maxPercentRelativeStandardDeviation:maxRegression:maxStandardDeviation:file:line:] + 1632
	5   XCTest                              0x000000010124b060 -[XCTestLog _testCase:didMeasureValues:forPerformanceMetricID:name:unitsOfMeasurement:baselineName:baselineAverage:maxPercentRegression:maxPercentRelativeStandardDeviation:maxRegression:maxStandardDeviation:file:line:] + 144
	6   XCTest                              0x000000010121fcd4 -[XCTestObservationCenter _testCase:didMeasureValues:forPerformanceMetricID:name:unitsOfMeasurement:baselineName:baselineAverage:maxPercentRegression:maxPercentRelativeStandardDeviation:maxRegression:maxStandardDeviation:file:line:] + 424
	7   XCTest                              0x0000000101208ae8 -[XCTestCaseRun _recordValues:forPerformanceMetricID:name:unitsOfMeasurement:baselineName:baselineAverage:maxPercentRegression:maxPercentRelativeStandardDeviation:maxRegression:maxStandardDeviation:file:line:] + 136
	8   XCTest                              0x00000001012130e8 -[XCTestCase reportMetric:reportFailures:] + 2484
	9   XCTest                              0x0000000101214898 -[XCTestCase measureMetrics:automaticallyStartMeasuring:forBlock:] + 896
	10  BandDiscovererTests                 0x000000010167ab04 _T019BandDiscovererTestsAAC22testPerformanceExampleyyF + 172
	11  BandDiscovererTests                 0x000000010167ac10 _T019BandDiscovererTestsAAC22testPerformanceExampleyyFTo + 40
	12  CoreFoundation                      0x00000001814f1640 <redacted> + 144
	13  CoreFoundation                      0x00000001813d058c <redacted> + 292
	14  XCTest                              0x000000010120f908 __24-[XCTestCase invokeTest]_block_invoke.275 + 48
	15  XCTest                              0x000000010125caac -[XCTMemoryChecker _assertInvalidObjectsDeallocatedAfterScope:] + 56
	16  XCTest                              0x000000010120f6b8 __24-[XCTestCase invokeTest]_block_invoke + 680
	17  XCTest                              0x000000010125527c -[XCUITestContext performInScope:] + 208
	18  XCTest                              0x000000010120f400 -[XCTestCase invokeTest] + 136
	19  XCTest                              0x00000001012104d8 __26-[XCTestCase performTest:]_block_invoke.382 + 48
	20  XCTest                              0x000000010125a31c +[XCTContext runInContextForTestCase:block:] + 164
	21  XCTest                              0x000000010120fed4 -[XCTestCase performTest:] + 596
	22  XCTest                              0x000000010120c0c8 __27-[XCTestSuite performTest:]_block_invoke + 288
	23  XCTest                              0x000000010120baf0 -[XCTestSuite _performProtectedSectionForTest:testSection:] + 44
	24  XCTest                              0x000000010120bd00 -[XCTestSuite performTest:] + 236
	25  XCTest                              0x000000010120c0c8 __27-[XCTestSuite performTest:]_block_invoke + 288
	26  XCTest                              0x000000010120baf0 -[XCTestSuite _performProtectedSectionForTest:testSection:] + 44
	27  XCTest                              0x000000010120bd00 -[XCTestSuite performTest:] + 236
	28  XCTest                              0x000000010120c0c8 __27-[XCTestSuite performTest:]_block_invoke + 288
	29  XCTest                              0x000000010120baf0 -[XCTestSuite _performProtectedSectionForTest:testSection:] + 44
	30  XCTest                              0x000000010120bd00 -[XCTestSuite performTest:] + 236
	31  XCTest                              0x0000000101263d28 __44-[XCTTestRunSession runTestsAndReturnError:]_block_invoke + 44
	32  XCTest                              0x000000010121ec48 -[XCTestObservationCenter _observeTestExecutionForBlock:] + 420
	33  XCTest                              0x0000000101263ba4 -[XCTTestRunSession runTestsAndReturnError:] + 292
	34  XCTest                              0x00000001011fb730 -[XCTestDriver runTestsAndReturnError:] + 312
	35  XCTest                              0x00000001012594c4 _XCTestMain + 620
	36  CoreFoundation                      0x00000001814920d4 <redacted> + 20
	37  CoreFoundation                      0x00000001814919a4 <redacted> + 288
	38  CoreFoundation                      0x000000018148f6b4 <redacted> + 1068
	39  CoreFoundation                      0x00000001813afe78 CFRunLoopRunSpecific + 436
	40  GraphicsServices                    0x0000000183244f84 GSEventRunModal + 100
	41  UIKit                               0x000000018b1520bc UIApplicationMain + 208
	42  BandDiscoverer                      0x00000001000f0450 main + 76
	43  libdyld.dylib                       0x0000000180ed256c <redacted> + 4
)
Test Case '-[BandDiscovererTests.BandDiscovererTests testPerformanceExample]' failed (0.774 seconds).
11:55:17.570 Xcode[2091:117164] <IDETestOperationCoordinator: 0x7fa4b5100000>: parseConsoleOutputFromOriginalOutput: called, 217 bytes written out to StandardOutputAndStandardError
Test Suite 'BandDiscovererTests' failed at 2017-11-13 11:55:17.507.
	 Executed 3 tests, with 2 failures (1 unexpected) in 0.784 (0.786) seconds
11:55:17.571 Xcode[2091:117164] <IDETestOperationCoordinator: 0x7fa4b5100000>: parseConsoleOutputFromOriginalOutput: called, 236 bytes written out to StandardOutputAndStandardError
Test Suite 'BandDiscovererTests.xctest' failed at 2017-11-13 11:55:17.509.
	 Executed 3 tests, with 2 failures (1 unexpected) in 0.784 (0.788) seconds
Test Suite 'Selected tests' failed at 2017-11-13 11:55:17.511.
	 Executed 3 tests, with 2 failures (1 unexpected) in 0.784 (0.790) seconds
11:55:17.571 Xcode[2091:117164] <IDETestOperationCoordinator: 0x7fa4b5100000>: parseConsoleOutputFromOriginalOutput: called, 187 bytes written out to StandardOutputAndStandardError
11:55:17.659 Xcode[2091:52298] ############## DID EXECUTE #################
11:55:17.512 BandDiscoverer[1106:229327] 0.00s : Other
11:55:17.512 BandDiscoverer[1106:229327] Total time in activities: 0.00s
11:55:17.512 BandDiscoverer[1106:229327] Finished running suite.
11:55:17.512 BandDiscoverer[1106:229327] -[XCTRunnerIDESession testBundleDidFinish:], Flushing connection to IDE...
11:55:17.512 BandDiscoverer[1106:229327] Calling completion.
11:55:17.513 BandDiscoverer[1106:229327] <XCTWaiter: 0x1c040f070, state: XCTWaiterStateInProgress> entering wait loop for 15.00s with expectations: (
    "IDE confirmed the end of session"
)
11:55:17.532 BandDiscoverer[1106:229376] <XCTWaiter: 0x1c040f070, state: XCTWaiterStateSucceeded>: cancelWaiting
11:55:17.532 BandDiscoverer[1106:229327] <XCTWaiter: 0x1c040f070, state: XCTWaiterStateSucceeded> done waiting
11:55:17.553 testmanagerd[1102:229394] Test process connection invalidated or interrupted, closing test session <XCTestSession: 0x104605430>.
11:55:17.554 testmanagerd[1102:229113] Closed <XCTestSession: 0x104605430>, removing from (
    "<XCTestSession: 0x104605430>"
)
11:55:17.554 testmanagerd[1102:229113] Tearing down test session <XCTestSession: 0x104605430>.
11:55:17.554 testmanagerd[1102:229113] XCTestSession is responsible for cleaning up its socket from an XCIDESession
11:55:17.555 testmanagerd[1102:229113] Disconnected lockdown socket
11:55:17.557 testmanagerd[1102:229113] Considering exiting:
11:55:17.557 testmanagerd[1102:229113] Session summary: 0 test sessions, 0 sessions with identifiers, 0 unidentified sessions, has control sessions, 0 pending connections
11:55:17.557 testmanagerd[1102:229113] Control sessions: (
    "<XCIDESession: 0x10461c3d0> (socket 5) created Monday, 13 November 2017 at 11:55:16 Central European Standard Time"
)
11:55:17.912 Xcode[2091:52298] <IDETestOperationCoordinator: 0x7fa4b5100000> finished receiving data from <IDEConsoleAdaptor: 0x7fa4b3750220 'target' stdin: (null) 0 stdout: (null) 0 stderr: (null) 0>
11:55:17.912 Xcode[2091:52298] <IDETestOperationCoordinator: 0x7fa4b5100000>: _considerFlushingDelegateBlockQueue - nothing to flush
11:55:17.912 Xcode[2091:52298] _finishWithError:(null)
